{"/home/julio/Documents/Test práctico NodeJs/Test práctico/src/controllers/index.js": {"path":"/home/julio/Documents/Test práctico NodeJs/Test práctico/src/controllers/index.js","statementMap":{"0":{"start":{"line":1,"column":0},"end":{"line":3,"column":1}}},"fnMap":{},"branchMap":{},"s":{"0":2},"f":{},"b":{},"_coverageSchema":"1a1c01bbd47fc00a2c39e90264f33305004495a9","hash":"f0c1d4e4a51c6ab6b85efaf815c478e84a2e93b8"}
,"/home/julio/Documents/Test práctico NodeJs/Test práctico/src/controllers/product.controller.js": {"path":"/home/julio/Documents/Test práctico NodeJs/Test práctico/src/controllers/product.controller.js","statementMap":{"0":{"start":{"line":1,"column":23},"end":{"line":1,"column":56}},"1":{"start":{"line":2,"column":24},"end":{"line":2,"column":52}},"2":{"start":{"line":4,"column":25},"end":{"line":4,"column":29}},"3":{"start":{"line":5,"column":26},"end":{"line":5,"column":30}},"4":{"start":{"line":9,"column":8},"end":{"line":9,"column":47}},"5":{"start":{"line":10,"column":8},"end":{"line":10,"column":49}},"6":{"start":{"line":14,"column":32},"end":{"line":14,"column":42}},"7":{"start":{"line":15,"column":20},"end":{"line":15,"column":24}},"8":{"start":{"line":17,"column":8},"end":{"line":19,"column":9}},"9":{"start":{"line":18,"column":12},"end":{"line":18,"column":73}},"10":{"start":{"line":21,"column":25},"end":{"line":21,"column":88}},"11":{"start":{"line":22,"column":8},"end":{"line":24,"column":9}},"12":{"start":{"line":23,"column":12},"end":{"line":23,"column":70}},"13":{"start":{"line":26,"column":24},"end":{"line":26,"column":117}},"14":{"start":{"line":27,"column":8},"end":{"line":27,"column":56}},"15":{"start":{"line":31,"column":0},"end":{"line":31,"column":35}}},"fnMap":{"0":{"name":"(anonymous_0)","decl":{"start":{"line":8,"column":4},"end":{"line":8,"column":5}},"loc":{"start":{"line":8,"column":55},"end":{"line":11,"column":5}},"line":8},"1":{"name":"(anonymous_1)","decl":{"start":{"line":13,"column":4},"end":{"line":13,"column":5}},"loc":{"start":{"line":13,"column":52},"end":{"line":28,"column":5}},"line":13}},"branchMap":{"0":{"loc":{"start":{"line":17,"column":8},"end":{"line":19,"column":9}},"type":"if","locations":[{"start":{"line":17,"column":8},"end":{"line":19,"column":9}},{"start":{"line":17,"column":8},"end":{"line":19,"column":9}}],"line":17},"1":{"loc":{"start":{"line":22,"column":8},"end":{"line":24,"column":9}},"type":"if","locations":[{"start":{"line":22,"column":8},"end":{"line":24,"column":9}},{"start":{"line":22,"column":8},"end":{"line":24,"column":9}}],"line":22}},"s":{"0":2,"1":2,"2":2,"3":2,"4":2,"5":2,"6":1,"7":1,"8":1,"9":0,"10":1,"11":1,"12":0,"13":1,"14":1,"15":2},"f":{"0":2,"1":1},"b":{"0":[0,1],"1":[0,1]},"_coverageSchema":"1a1c01bbd47fc00a2c39e90264f33305004495a9","hash":"45f8ae2bf0dd275274a2a0f9cf9dac5d5b54d472"}
,"/home/julio/Documents/Test práctico NodeJs/Test práctico/src/handlers/errors.handler.js": {"path":"/home/julio/Documents/Test práctico NodeJs/Test práctico/src/handlers/errors.handler.js","statementMap":{"0":{"start":{"line":1,"column":24},"end":{"line":1,"column":52}},"1":{"start":{"line":2,"column":23},"end":{"line":2,"column":56}},"2":{"start":{"line":4,"column":19},"end":{"line":12,"column":1}},"3":{"start":{"line":5,"column":2},"end":{"line":11,"column":4}},"4":{"start":{"line":6,"column":4},"end":{"line":10,"column":7}},"5":{"start":{"line":7,"column":18},"end":{"line":7,"column":42}},"6":{"start":{"line":8,"column":6},"end":{"line":8,"column":57}},"7":{"start":{"line":9,"column":6},"end":{"line":9,"column":16}},"8":{"start":{"line":14,"column":21},"end":{"line":19,"column":1}},"9":{"start":{"line":15,"column":16},"end":{"line":15,"column":43}},"10":{"start":{"line":16,"column":2},"end":{"line":16,"column":43}},"11":{"start":{"line":18,"column":2},"end":{"line":18,"column":14}},"12":{"start":{"line":21,"column":21},"end":{"line":29,"column":1}},"13":{"start":{"line":22,"column":22},"end":{"line":22,"column":42}},"14":{"start":{"line":24,"column":2},"end":{"line":28,"column":3}},"15":{"start":{"line":25,"column":4},"end":{"line":25,"column":72}},"16":{"start":{"line":27,"column":4},"end":{"line":27,"column":59}},"17":{"start":{"line":31,"column":0},"end":{"line":31,"column":60}}},"fnMap":{"0":{"name":"(anonymous_0)","decl":{"start":{"line":4,"column":19},"end":{"line":4,"column":20}},"loc":{"start":{"line":4,"column":28},"end":{"line":12,"column":1}},"line":4},"1":{"name":"(anonymous_1)","decl":{"start":{"line":5,"column":9},"end":{"line":5,"column":10}},"loc":{"start":{"line":5,"column":29},"end":{"line":11,"column":3}},"line":5},"2":{"name":"(anonymous_2)","decl":{"start":{"line":6,"column":37},"end":{"line":6,"column":38}},"loc":{"start":{"line":6,"column":48},"end":{"line":10,"column":5}},"line":6},"3":{"name":"(anonymous_3)","decl":{"start":{"line":14,"column":21},"end":{"line":14,"column":22}},"loc":{"start":{"line":14,"column":41},"end":{"line":19,"column":1}},"line":14},"4":{"name":"(anonymous_4)","decl":{"start":{"line":21,"column":21},"end":{"line":21,"column":22}},"loc":{"start":{"line":21,"column":48},"end":{"line":29,"column":1}},"line":21}},"branchMap":{"0":{"loc":{"start":{"line":24,"column":2},"end":{"line":28,"column":3}},"type":"if","locations":[{"start":{"line":24,"column":2},"end":{"line":28,"column":3}},{"start":{"line":24,"column":2},"end":{"line":28,"column":3}}],"line":24}},"s":{"0":2,"1":2,"2":2,"3":0,"4":0,"5":0,"6":0,"7":0,"8":2,"9":1,"10":1,"11":1,"12":2,"13":1,"14":1,"15":1,"16":0,"17":2},"f":{"0":0,"1":0,"2":0,"3":1,"4":1},"b":{"0":[1,0]},"_coverageSchema":"1a1c01bbd47fc00a2c39e90264f33305004495a9","hash":"4d1e7e08ff95a2c21b0922ff8f78ebd6d656763e"}
,"/home/julio/Documents/Test práctico NodeJs/Test práctico/src/repositories/campaign.repository.js": {"path":"/home/julio/Documents/Test práctico NodeJs/Test práctico/src/repositories/campaign.repository.js","statementMap":{"0":{"start":{"line":30,"column":26},"end":{"line":30,"column":65}},"1":{"start":{"line":31,"column":11},"end":{"line":31,"column":24}},"2":{"start":{"line":36,"column":2},"end":{"line":36,"column":82}},"3":{"start":{"line":40,"column":0},"end":{"line":40,"column":36}}},"fnMap":{"0":{"name":"(anonymous_0)","decl":{"start":{"line":35,"column":1},"end":{"line":35,"column":2}},"loc":{"start":{"line":35,"column":45},"end":{"line":37,"column":2}},"line":35}},"branchMap":{},"s":{"0":2,"1":2,"2":1,"3":2},"f":{"0":1},"b":{},"_coverageSchema":"1a1c01bbd47fc00a2c39e90264f33305004495a9","hash":"94c8369fdd8b3cb446653388e7a28faa8bb777e7"}
,"/home/julio/Documents/Test práctico NodeJs/Test práctico/src/repositories/index.js": {"path":"/home/julio/Documents/Test práctico NodeJs/Test práctico/src/repositories/index.js","statementMap":{"0":{"start":{"line":1,"column":0},"end":{"line":4,"column":1}}},"fnMap":{},"branchMap":{},"s":{"0":2},"f":{},"b":{},"_coverageSchema":"1a1c01bbd47fc00a2c39e90264f33305004495a9","hash":"f7cd1398554afe7f32635d0be764d731f99416ef"}
,"/home/julio/Documents/Test práctico NodeJs/Test práctico/src/repositories/product.repository.js": {"path":"/home/julio/Documents/Test práctico NodeJs/Test práctico/src/repositories/product.repository.js","statementMap":{"0":{"start":{"line":30,"column":26},"end":{"line":30,"column":65}},"1":{"start":{"line":31,"column":11},"end":{"line":31,"column":24}},"2":{"start":{"line":36,"column":2},"end":{"line":36,"column":109}},"3":{"start":{"line":40,"column":0},"end":{"line":40,"column":35}}},"fnMap":{"0":{"name":"(anonymous_0)","decl":{"start":{"line":35,"column":1},"end":{"line":35,"column":2}},"loc":{"start":{"line":35,"column":67},"end":{"line":37,"column":2}},"line":35}},"branchMap":{},"s":{"0":2,"1":2,"2":1,"3":2},"f":{"0":1},"b":{},"_coverageSchema":"1a1c01bbd47fc00a2c39e90264f33305004495a9","hash":"1faed36995a86ad33ead8ce821581dae255fb2b1"}
,"/home/julio/Documents/Test práctico NodeJs/Test práctico/src/routes/product.route.js": {"path":"/home/julio/Documents/Test práctico NodeJs/Test práctico/src/routes/product.route.js","statementMap":{"0":{"start":{"line":1,"column":16},"end":{"line":1,"column":34}},"1":{"start":{"line":2,"column":14},"end":{"line":2,"column":30}},"2":{"start":{"line":4,"column":50},"end":{"line":4,"column":76}},"3":{"start":{"line":5,"column":30},"end":{"line":5,"column":55}},"4":{"start":{"line":7,"column":21},"end":{"line":7,"column":64}},"5":{"start":{"line":8,"column":16},"end":{"line":8,"column":58}},"6":{"start":{"line":10,"column":27},"end":{"line":13,"column":1}},"7":{"start":{"line":15,"column":0},"end":{"line":15,"column":112}},"8":{"start":{"line":26,"column":0},"end":{"line":26,"column":23}}},"fnMap":{},"branchMap":{},"s":{"0":2,"1":2,"2":2,"3":2,"4":2,"5":2,"6":2,"7":2,"8":2},"f":{},"b":{},"_coverageSchema":"1a1c01bbd47fc00a2c39e90264f33305004495a9","hash":"0966c2fae8896adf9644cf63a9f1a961868f080b"}
,"/home/julio/Documents/Test práctico NodeJs/Test práctico/src/services/database.service.js": {"path":"/home/julio/Documents/Test práctico NodeJs/Test práctico/src/services/database.service.js","statementMap":{"0":{"start":{"line":1,"column":20},"end":{"line":1,"column":50}},"1":{"start":{"line":2,"column":13},"end":{"line":2,"column":28}},"2":{"start":{"line":3,"column":12},"end":{"line":3,"column":18}},"3":{"start":{"line":7,"column":25},"end":{"line":7,"column":127}},"4":{"start":{"line":9,"column":0},"end":{"line":9,"column":30}},"5":{"start":{"line":11,"column":19},"end":{"line":33,"column":1}},"6":{"start":{"line":12,"column":18},"end":{"line":16,"column":3}},"7":{"start":{"line":18,"column":28},"end":{"line":30,"column":4}},"8":{"start":{"line":19,"column":4},"end":{"line":29,"column":7}},"9":{"start":{"line":20,"column":6},"end":{"line":28,"column":7}},"10":{"start":{"line":21,"column":8},"end":{"line":21,"column":51}},"11":{"start":{"line":22,"column":8},"end":{"line":22,"column":20}},"12":{"start":{"line":24,"column":8},"end":{"line":24,"column":26}},"13":{"start":{"line":25,"column":8},"end":{"line":25,"column":45}},"14":{"start":{"line":26,"column":8},"end":{"line":26,"column":44}},"15":{"start":{"line":27,"column":8},"end":{"line":27,"column":18}},"16":{"start":{"line":32,"column":2},"end":{"line":32,"column":26}},"17":{"start":{"line":35,"column":22},"end":{"line":35,"column":38}},"18":{"start":{"line":35,"column":28},"end":{"line":35,"column":38}},"19":{"start":{"line":37,"column":24},"end":{"line":39,"column":1}},"20":{"start":{"line":38,"column":2},"end":{"line":38,"column":19}},"21":{"start":{"line":41,"column":0},"end":{"line":41,"column":74}}},"fnMap":{"0":{"name":"(anonymous_0)","decl":{"start":{"line":11,"column":19},"end":{"line":11,"column":20}},"loc":{"start":{"line":11,"column":31},"end":{"line":33,"column":1}},"line":11},"1":{"name":"(anonymous_1)","decl":{"start":{"line":18,"column":40},"end":{"line":18,"column":41}},"loc":{"start":{"line":18,"column":61},"end":{"line":30,"column":3}},"line":18},"2":{"name":"(anonymous_2)","decl":{"start":{"line":19,"column":51},"end":{"line":19,"column":52}},"loc":{"start":{"line":19,"column":74},"end":{"line":29,"column":5}},"line":19},"3":{"name":"(anonymous_3)","decl":{"start":{"line":35,"column":22},"end":{"line":35,"column":23}},"loc":{"start":{"line":35,"column":28},"end":{"line":35,"column":38}},"line":35},"4":{"name":"(anonymous_4)","decl":{"start":{"line":37,"column":24},"end":{"line":37,"column":25}},"loc":{"start":{"line":37,"column":30},"end":{"line":39,"column":1}},"line":37}},"branchMap":{"0":{"loc":{"start":{"line":20,"column":6},"end":{"line":28,"column":7}},"type":"if","locations":[{"start":{"line":20,"column":6},"end":{"line":28,"column":7}},{"start":{"line":20,"column":6},"end":{"line":28,"column":7}}],"line":20}},"s":{"0":2,"1":2,"2":2,"3":2,"4":2,"5":2,"6":1,"7":1,"8":1,"9":1,"10":0,"11":0,"12":1,"13":1,"14":1,"15":1,"16":1,"17":2,"18":2,"19":2,"20":1,"21":2},"f":{"0":1,"1":1,"2":1,"3":2,"4":1},"b":{"0":[0,1]},"_coverageSchema":"1a1c01bbd47fc00a2c39e90264f33305004495a9","hash":"0c27eea5949b29ef57d12a36b75b678a83659026"}
,"/home/julio/Documents/Test práctico NodeJs/Test práctico/src/services/server.service.js": {"path":"/home/julio/Documents/Test práctico NodeJs/Test práctico/src/services/server.service.js","statementMap":{"0":{"start":{"line":1,"column":13},"end":{"line":1,"column":28}},"1":{"start":{"line":2,"column":12},"end":{"line":2,"column":18}},"2":{"start":{"line":3,"column":13},"end":{"line":3,"column":28}},"3":{"start":{"line":4,"column":16},"end":{"line":4,"column":34}},"4":{"start":{"line":5,"column":12},"end":{"line":5,"column":21}},"5":{"start":{"line":7,"column":21},"end":{"line":7,"column":55}},"6":{"start":{"line":8,"column":21},"end":{"line":8,"column":58}},"7":{"start":{"line":10,"column":15},"end":{"line":10,"column":37}},"8":{"start":{"line":12,"column":0},"end":{"line":12,"column":22}},"9":{"start":{"line":13,"column":0},"end":{"line":13,"column":35}},"10":{"start":{"line":14,"column":0},"end":{"line":14,"column":35}},"11":{"start":{"line":16,"column":19},"end":{"line":36,"column":1}},"12":{"start":{"line":17,"column":18},"end":{"line":33,"column":4}},"13":{"start":{"line":18,"column":4},"end":{"line":32,"column":5}},"14":{"start":{"line":19,"column":6},"end":{"line":28,"column":11}},"15":{"start":{"line":22,"column":10},"end":{"line":22,"column":63}},"16":{"start":{"line":23,"column":10},"end":{"line":23,"column":20}},"17":{"start":{"line":26,"column":10},"end":{"line":26,"column":51}},"18":{"start":{"line":27,"column":10},"end":{"line":27,"column":24}},"19":{"start":{"line":30,"column":6},"end":{"line":30,"column":22}},"20":{"start":{"line":31,"column":6},"end":{"line":31,"column":24}},"21":{"start":{"line":35,"column":2},"end":{"line":35,"column":16}},"22":{"start":{"line":38,"column":0},"end":{"line":38,"column":37}}},"fnMap":{"0":{"name":"(anonymous_0)","decl":{"start":{"line":16,"column":19},"end":{"line":16,"column":20}},"loc":{"start":{"line":16,"column":31},"end":{"line":36,"column":1}},"line":16},"1":{"name":"(anonymous_1)","decl":{"start":{"line":17,"column":30},"end":{"line":17,"column":31}},"loc":{"start":{"line":17,"column":51},"end":{"line":33,"column":3}},"line":17},"2":{"name":"(anonymous_2)","decl":{"start":{"line":21,"column":25},"end":{"line":21,"column":26}},"loc":{"start":{"line":21,"column":31},"end":{"line":24,"column":9}},"line":21},"3":{"name":"(anonymous_3)","decl":{"start":{"line":25,"column":21},"end":{"line":25,"column":22}},"loc":{"start":{"line":25,"column":32},"end":{"line":28,"column":9}},"line":25}},"branchMap":{"0":{"loc":{"start":{"line":18,"column":4},"end":{"line":32,"column":5}},"type":"if","locations":[{"start":{"line":18,"column":4},"end":{"line":32,"column":5}},{"start":{"line":18,"column":4},"end":{"line":32,"column":5}}],"line":18}},"s":{"0":2,"1":2,"2":2,"3":2,"4":2,"5":2,"6":2,"7":2,"8":2,"9":2,"10":2,"11":2,"12":0,"13":0,"14":0,"15":0,"16":0,"17":0,"18":0,"19":0,"20":0,"21":0,"22":2},"f":{"0":0,"1":0,"2":0,"3":0},"b":{"0":[0,0]},"_coverageSchema":"1a1c01bbd47fc00a2c39e90264f33305004495a9","hash":"363a5197a49502f5745506f6a863c520116b54e3"}
,"/home/julio/Documents/Test práctico NodeJs/Test práctico/src/utils/response.util.js": {"path":"/home/julio/Documents/Test práctico NodeJs/Test práctico/src/utils/response.util.js","statementMap":{"0":{"start":{"line":1,"column":23},"end":{"line":16,"column":1}},"1":{"start":{"line":3,"column":4},"end":{"line":6,"column":7}},"2":{"start":{"line":9,"column":21},"end":{"line":9,"column":40}},"3":{"start":{"line":11,"column":4},"end":{"line":13,"column":5}},"4":{"start":{"line":12,"column":6},"end":{"line":12,"column":29}},"5":{"start":{"line":14,"column":4},"end":{"line":14,"column":38}},"6":{"start":{"line":18,"column":0},"end":{"line":18,"column":32}}},"fnMap":{"0":{"name":"(anonymous_0)","decl":{"start":{"line":2,"column":2},"end":{"line":2,"column":3}},"loc":{"start":{"line":2,"column":32},"end":{"line":7,"column":3}},"line":2},"1":{"name":"(anonymous_1)","decl":{"start":{"line":8,"column":2},"end":{"line":8,"column":3}},"loc":{"start":{"line":8,"column":49},"end":{"line":15,"column":3}},"line":8}},"branchMap":{"0":{"loc":{"start":{"line":8,"column":30},"end":{"line":8,"column":47}},"type":"default-arg","locations":[{"start":{"line":8,"column":38},"end":{"line":8,"column":47}}],"line":8},"1":{"loc":{"start":{"line":11,"column":4},"end":{"line":13,"column":5}},"type":"if","locations":[{"start":{"line":11,"column":4},"end":{"line":13,"column":5}},{"start":{"line":11,"column":4},"end":{"line":13,"column":5}}],"line":11}},"s":{"0":2,"1":1,"2":2,"3":2,"4":2,"5":2,"6":2},"f":{"0":1,"1":2},"b":{"0":[0],"1":[2,0]},"_coverageSchema":"1a1c01bbd47fc00a2c39e90264f33305004495a9","hash":"f3c0740bfbba0b4fb4cfab8958e2b965f635961d"}
,"/home/julio/Documents/Test práctico NodeJs/Test práctico/src/validators/function.validator.js": {"path":"/home/julio/Documents/Test práctico NodeJs/Test práctico/src/validators/function.validator.js","statementMap":{"0":{"start":{"line":1,"column":24},"end":{"line":1,"column":52}},"1":{"start":{"line":2,"column":23},"end":{"line":2,"column":56}},"2":{"start":{"line":4,"column":18},"end":{"line":30,"column":1}},"3":{"start":{"line":5,"column":2},"end":{"line":29,"column":4}},"4":{"start":{"line":6,"column":16},"end":{"line":6,"column":54}},"5":{"start":{"line":8,"column":16},"end":{"line":8,"column":20}},"6":{"start":{"line":10,"column":4},"end":{"line":24,"column":7}},"7":{"start":{"line":11,"column":6},"end":{"line":23,"column":7}},"8":{"start":{"line":12,"column":34},"end":{"line":12,"column":63}},"9":{"start":{"line":14,"column":8},"end":{"line":22,"column":9}},"10":{"start":{"line":15,"column":10},"end":{"line":15,"column":24}},"11":{"start":{"line":16,"column":10},"end":{"line":21,"column":12}},"12":{"start":{"line":26,"column":4},"end":{"line":28,"column":5}},"13":{"start":{"line":27,"column":6},"end":{"line":27,"column":13}},"14":{"start":{"line":32,"column":0},"end":{"line":32,"column":27}}},"fnMap":{"0":{"name":"(anonymous_0)","decl":{"start":{"line":4,"column":18},"end":{"line":4,"column":19}},"loc":{"start":{"line":4,"column":31},"end":{"line":30,"column":1}},"line":4},"1":{"name":"(anonymous_1)","decl":{"start":{"line":5,"column":9},"end":{"line":5,"column":10}},"loc":{"start":{"line":5,"column":29},"end":{"line":29,"column":3}},"line":5},"2":{"name":"(anonymous_2)","decl":{"start":{"line":10,"column":16},"end":{"line":10,"column":17}},"loc":{"start":{"line":10,"column":24},"end":{"line":24,"column":5}},"line":10}},"branchMap":{"0":{"loc":{"start":{"line":11,"column":6},"end":{"line":23,"column":7}},"type":"if","locations":[{"start":{"line":11,"column":6},"end":{"line":23,"column":7}},{"start":{"line":11,"column":6},"end":{"line":23,"column":7}}],"line":11},"1":{"loc":{"start":{"line":14,"column":8},"end":{"line":22,"column":9}},"type":"if","locations":[{"start":{"line":14,"column":8},"end":{"line":22,"column":9}},{"start":{"line":14,"column":8},"end":{"line":22,"column":9}}],"line":14},"2":{"loc":{"start":{"line":26,"column":4},"end":{"line":28,"column":5}},"type":"if","locations":[{"start":{"line":26,"column":4},"end":{"line":28,"column":5}},{"start":{"line":26,"column":4},"end":{"line":28,"column":5}}],"line":26}},"s":{"0":2,"1":2,"2":2,"3":2,"4":2,"5":2,"6":2,"7":8,"8":2,"9":2,"10":1,"11":1,"12":2,"13":1,"14":2},"f":{"0":2,"1":2,"2":8},"b":{"0":[2,6],"1":[1,1],"2":[1,1]},"_coverageSchema":"1a1c01bbd47fc00a2c39e90264f33305004495a9","hash":"a0bc19aa72294f0a929dd9a0cb37236ecf0437d3"}
,"/home/julio/Documents/Test práctico NodeJs/Test práctico/src/validators/product.validator.js": {"path":"/home/julio/Documents/Test práctico NodeJs/Test práctico/src/validators/product.validator.js","statementMap":{"0":{"start":{"line":1,"column":12},"end":{"line":1,"column":32}},"1":{"start":{"line":3,"column":16},"end":{"line":9,"column":1}},"2":{"start":{"line":11,"column":0},"end":{"line":11,"column":25}}},"fnMap":{},"branchMap":{},"s":{"0":2,"1":2,"2":2},"f":{},"b":{},"_coverageSchema":"1a1c01bbd47fc00a2c39e90264f33305004495a9","hash":"5544cd6ee8c3d218731090cda31b683866bdccca"}
}
